<?xml version="1.0" encoding="UTF-8"?>
<!-- Generated by org.testng.reporters.JUnitReportReporter -->
<testsuite ignored="0" hostname="NBACI0581" failures="0" tests="1" name="testing.NewTest" time="4.015" errors="0" timestamp="17 dic. 2021 20:39:30 GMT" skipped="0">
  <testcase classname="testing.NewTest" name="f" time="4.015"/>
</testsuite> <!-- testing.NewTest -->
